{
  "timestamp": "2022-03-10 02:41:31.799304",
  "device_info": {
    "serial_number": "ADsAT0szUAggMTg0",
    "model": "700",
    "git_hash": "08bdd6d18b736c022bf3d17a011c118a9dfaac28",
    "git_dirty": false,
    "git_timestamp": 1638553571,
    "uuid": "4426ab48-2d54-4cf4-b0e3-80911ecfba70"
  },
  "calibration": {
    "invert": false,
    "phase_invert": false,
    "poles": 14,
    "offset": [
      -0.5207798462683673,
      -0.5087968064155501,
      -0.515355946909055,
      -0.5377754474813693,
      -0.5278637631742215,
      -0.520530097577797,
      -0.5328665208740697,
      -0.5218569350180464,
      -0.5197884241423057,
      -0.5471739445252319,
      -0.5368154922057489,
      -0.527192986545678,
      -0.5527416723584048,
      -0.5509846409132432,
      -0.5462224174628703,
      -0.5745344794016622,
      -0.5626333179291486,
      -0.5470089574479404,
      -0.5678285428041316,
      -0.5583365757238009,
      -0.5407896403780788,
      -0.5424146278523525,
      -0.5207049828489366,
      -0.49445839604995095,
      -0.503783438028568,
      -0.49282695306088065,
      -0.47463987337146096,
      -0.4886231310628824,
      -0.49226613009001075,
      -0.48793269704298436,
      -0.5169860831682038,
      -0.5224297848137219,
      -0.4997195528970888,
      -0.5189105257065674,
      -0.5282777400474467,
      -0.515113081550082,
      -0.5384791138588754,
      -0.5383991446895151,
      -0.5113318365866666,
      -0.5289074623632696,
      -0.5366923812254178,
      -0.5216737414770168,
      -0.535500382751883,
      -0.5373287056430741,
      -0.5233560633405501,
      -0.5434451072574592,
      -0.5645129452046217,
      -0.5546860554756267,
      -0.5589737285672728,
      -0.5662038160645286,
      -0.5474685618780373,
      -0.5483688668101878,
      -0.5558757931853142,
      -0.5203577752824268,
      -0.509439138828379,
      -0.5166244677634566,
      -0.4855796736706797,
      -0.48795498197874904,
      -0.49892040922721526,
      -0.4689261097790121,
      -0.47206487331267216,
      -0.49933103869387124,
      -0.4901467579221419,
      -0.5008285523781634
    ]
  },
  "winding_resistance": 0.3430216149814962,
  "inductance": 0.0003638060315289172,
  "pid_dq_kp": 0.11429303559829031,
  "pid_dq_ki": 107.7634185648375,
  "torque_bw_hz": 50.0,
  "encoder_filter_bw_hz": 100,
  "encoder_filter_kp": 1256.6370614359173,
  "encoder_filter_ki": 394784.17604357435,
  "v_per_hz": 0.3263323271598084,
  "kv": 91.93082481622693,
  "unwrapped_position_scale": 1.0
}
