{
  "timestamp": "2022-03-10 02:47:49.949510",
  "device_info": {
    "serial_number": "AEUAT00zUBAgMTE3",
    "model": "700",
    "git_hash": "08bdd6d18b736c022bf3d17a011c118a9dfaac28",
    "git_dirty": false,
    "git_timestamp": 1638553571,
    "uuid": "93b6b9e0-6f53-43dc-a596-1efbdbfd4b28"
  },
  "calibration": {
    "invert": false,
    "phase_invert": false,
    "poles": 14,
    "offset": [
      2.1081625916575235,
      2.1141952178466674,
      2.0814510002423217,
      2.090891259905618,
      2.1057374296724243,
      2.085077299136123,
      2.090176401241725,
      2.0991751216005174,
      2.0762361869386123,
      2.085918278630999,
      2.1066563341086275,
      2.0969765286221,
      2.1055913044771857,
      2.121419669053871,
      2.113035732747972,
      2.1179091342860428,
      2.1393012234718354,
      2.123224472761551,
      2.116642036137342,
      2.138129318013499,
      2.126932035815905,
      2.1364285251003494,
      2.167012669483605,
      2.1462112268185103,
      2.142808303163754,
      2.1620077684849237,
      2.137090829109555,
      2.1295901947883435,
      2.148141066607388,
      2.1225309532830754,
      2.1193375411275954,
      2.1358942598296515,
      2.122915661358159,
      2.103511135830468,
      2.1070261771283914,
      2.090534929293294,
      2.0740326825151754,
      2.0904470215547803,
      2.0866960752238226,
      2.0706956444508853,
      2.0910806032067546,
      2.097760668388191,
      2.083731838797528,
      2.107774220403909,
      2.1045908546365637,
      2.0840002901244876,
      2.1122637010104004,
      2.1164099470645867,
      2.1054972636853093,
      2.12975645309513,
      2.1299477527569124,
      2.118412019205238,
      2.142525632455556,
      2.1455457169893766,
      2.125413360474505,
      2.1360239588408634,
      2.1392037983132006,
      2.1271287176691813,
      2.1457500711899744,
      2.155227393384364,
      2.127306945517692,
      2.129832577975564,
      2.1341809116529267,
      2.1041436097529136
    ]
  },
  "winding_resistance": 0.6984152549492104,
  "inductance": 0.00034343525971422566,
  "pid_dq_kp": 0.1078933688901914,
  "pid_dq_ki": 219.4136234103482,
  "torque_bw_hz": 50.0,
  "encoder_filter_bw_hz": 100,
  "encoder_filter_kp": 1256.6370614359173,
  "encoder_filter_ki": 394784.17604357435,
  "v_per_hz": 0.3101089032319933,
  "kv": 96.74020864069459,
  "unwrapped_position_scale": 1.0
}
