{
  "timestamp": "2022-03-10 03:03:36.190093",
  "device_info": {
    "serial_number": "AEUAQEszUAggMTg0",
    "model": "700",
    "git_hash": "08bdd6d18b736c022bf3d17a011c118a9dfaac28",
    "git_dirty": false,
    "git_timestamp": 1638553571,
    "uuid": "7883f81b-2ec8-432b-85cc-1f1856181ec1"
  },
  "calibration": {
    "invert": false,
    "phase_invert": false,
    "poles": 14,
    "offset": [
      2.5954637152946085,
      2.5643588439620757,
      2.5554200513711547,
      2.5647351049697176,
      2.5447353532442145,
      2.5267175183189274,
      2.539018812850422,
      2.533116569550902,
      2.5295156036435,
      2.5648967047532696,
      2.56192285032245,
      2.551047403411412,
      2.580811365260053,
      2.573239223632043,
      2.56596233801974,
      2.590315254635091,
      2.5806230085133905,
      2.5725106738343952,
      2.607030105202128,
      2.60839935541157,
      2.602618235176132,
      2.6232275812311774,
      2.6106221847708357,
      2.599267353264058,
      2.620797551963771,
      2.6217343284595063,
      2.6057647980993472,
      2.617539765330735,
      2.6151434114801657,
      2.5930114380637423,
      2.6064286349538586,
      2.598027261993468,
      2.5624772050240785,
      2.5675724321968927,
      2.5675437321560444,
      2.5437112408489777,
      2.5573732889073884,
      2.56515595023919,
      2.539189296746045,
      2.5592251099421395,
      2.57034932252293,
      2.556103996486782,
      2.570230755129435,
      2.582319065647933,
      2.574439033854484,
      2.595215065492669,
      2.618888648530371,
      2.6021857155062147,
      2.6128993152733697,
      2.6244283653501492,
      2.609606409320376,
      2.621267470329106,
      2.641196546399706,
      2.6232553660497375,
      2.6307065195759183,
      2.6542353314036196,
      2.6329933985373954,
      2.639996089271378,
      2.649350202920181,
      2.6155520868081266,
      2.6138517654169484,
      2.6254407136240308,
      2.6011061772049655,
      2.5897635959864345
    ]
  },
  "winding_resistance": 0.9786790596225061,
  "inductance": 0.0004824619150462568,
  "pid_dq_kp": 0.15156988079461833,
  "pid_dq_ki": 307.4610943932233,
  "torque_bw_hz": 50.0,
  "encoder_filter_bw_hz": 100,
  "encoder_filter_kp": 1256.6370614359173,
  "encoder_filter_ki": 394784.17604357435,
  "v_per_hz": 0.403,
  "kv": 74.44,
  "unwrapped_position_scale": 1.0
}
