{
  "timestamp": "2022-01-18 00:38:50.007913",
  "device_info": {
    "serial_number": "AFAAPEhOUA4gNDNW",
    "model": "600",
    "git_hash": "b084d4066107e005248ea25c8cb2ede33f79a74b",
    "git_dirty": false,
    "git_timestamp": 1624874891,
    "uuid": "7b9ed4fb-be76-4bd0-a00b-97862ca6b1a1"
  },
  "calibration": {
    "invert": false,
    "phase_invert": false,
    "poles": 14,
    "offset": [
      -0.20843104243243116,
      -0.2139778379589466,
      -0.22202802752648648,
      -0.22715979603905787,
      -0.2278338384351154,
      -0.23302314328113682,
      -0.2371437739117403,
      -0.24202340748822712,
      -0.2460384960777691,
      -0.24996336239939068,
      -0.2497149734834729,
      -0.2538657901667935,
      -0.2589096993456171,
      -0.2553126955352893,
      -0.25381144100232816,
      -0.25012999952091364,
      -0.24943701293131965,
      -0.25052063281538234,
      -0.25067171077354716,
      -0.24301340119948595,
      -0.2353662397553572,
      -0.23375293879472772,
      -0.22964043778365817,
      -0.2332581053967306,
      -0.22962633818807862,
      -0.22279961374267476,
      -0.215820515243525,
      -0.21629615709683164,
      -0.21867836079032923,
      -0.22374576649507313,
      -0.22736883935065222,
      -0.22804485871498298,
      -0.23484224689051142,
      -0.2433442021565116,
      -0.2512943896185237,
      -0.25398223148407606,
      -0.25764413078258247,
      -0.25998688348349447,
      -0.2627556266863987,
      -0.27076285028776015,
      -0.2710660705027834,
      -0.26826153826054555,
      -0.2673070348307559,
      -0.2682869249517935,
      -0.26868867820928594,
      -0.26883715474355524,
      -0.2627058605337371,
      -0.2543726381886964,
      -0.25199184383736273,
      -0.24753440984724925,
      -0.24341015922000683,
      -0.23932187503247251,
      -0.22961097297634409,
      -0.2221203324060487,
      -0.2174509521334014,
      -0.21313838037302069,
      -0.20537178693967956,
      -0.20120201213561054,
      -0.1958001035963496,
      -0.19397206256558247,
      -0.1985112340356085,
      -0.199845028671358,
      -0.19903079404153937,
      -0.20146185180902706
    ]
  },
  "winding_resistance": 0.5964774360247813,
  "inductance": 0.0005473752441509914,
  "pid_dq_kp": 0.2,
  "pid_dq_ki": 217.9409618533078,
  "torque_bw_hz": 58.15204278693797,
  "encoder_filter_bw_hz": 116.30408557387594,
  "encoder_filter_kp": 1461.5202432854692,
  "encoder_filter_ki": 534010.3553833043,
  "v_per_hz": 0.4229067033678567,
  "kv": 70.93763177810193,
  "unwrapped_position_scale": 0.06649
}
