{
  "timestamp": "2022-03-10 02:34:25.498445",
  "device_info": {
    "serial_number": "AD4AGEszUAggMTg0",
    "model": "700",
    "git_hash": "08bdd6d18b736c022bf3d17a011c118a9dfaac28",
    "git_dirty": false,
    "git_timestamp": 1638553571,
    "uuid": "62500687-f3c8-429c-a949-8887b0c6eb01"
  },
  "calibration": {
    "invert": false,
    "phase_invert": false,
    "poles": 14,
    "offset": [
      -2.656414833372436,
      -2.6539172747451527,
      -2.6633373961525773,
      -2.6941382094353004,
      -2.6895841762639896,
      -2.6886062989984736,
      -2.7003143448543656,
      -2.686104642896151,
      -2.6657476202040145,
      -2.6747459941408653,
      -2.6642990414359597,
      -2.6515068451086004,
      -2.6794823659462517,
      -2.674418778285321,
      -2.663067176610154,
      -2.6810789435752174,
      -2.6695726950662997,
      -2.6458887678851393,
      -2.660038587201853,
      -2.645554929843126,
      -2.627095181517476,
      -2.6489514537980505,
      -2.642421921903564,
      -2.6249229970521237,
      -2.6357273734242956,
      -2.6235780195763434,
      -2.6015726228776024,
      -2.6175185459841126,
      -2.6193105059869954,
      -2.61158126429724,
      -2.6430767576120715,
      -2.6639113593139268,
      -2.6630272740791843,
      -2.6903707253211477,
      -2.6987775135495817,
      -2.6764419820004046,
      -2.68967654833801,
      -2.6987001955160395,
      -2.679311407526784,
      -2.6940193949405615,
      -2.7052350801362697,
      -2.6879698411335755,
      -2.700320241914146,
      -2.707396626254839,
      -2.683355175366628,
      -2.679309612499826,
      -2.685928922043448,
      -2.6702085313051316,
      -2.677643090205942,
      -2.6950763181324557,
      -2.673674542604282,
      -2.6693150106320984,
      -2.6799705502584326,
      -2.649243143080599,
      -2.641132065594119,
      -2.6468814638145,
      -2.6163029208003556,
      -2.615904087070415,
      -2.6354475380648834,
      -2.621583947069509,
      -2.6303030164948624,
      -2.646267808345326,
      -2.6285660105620097,
      -2.632866739144887
    ]
  },
  "winding_resistance": 38.29389936328311,
  "inductance": 0.00037997019583041496,
  "pid_dq_kp": 0.004961236674094586,
  "pid_dq_ki": 500.0,
  "torque_bw_hz": 2.078071778249044,
  "encoder_filter_bw_hz": 100,
  "encoder_filter_kp": 1256.6370614359173,
  "encoder_filter_ki": 394784.17604357435,
  "v_per_hz": 0.3171046189958841,
  "kv": 94.6060013095848,
  "unwrapped_position_scale": 1.0
}
