{
  "timestamp": "2022-03-10 03:05:25.935742",
  "device_info": {
    "serial_number": "AEwAIkszUAggMTg0",
    "model": "700",
    "git_hash": "08bdd6d18b736c022bf3d17a011c118a9dfaac28",
    "git_dirty": false,
    "git_timestamp": 1638553571,
    "uuid": "c72bd85f-9b2a-421c-a5c7-7212597c614f"
  },
  "calibration": {
    "invert": false,
    "phase_invert": false,
    "poles": 14,
    "offset": [
      0.16950887076817472,
      0.16421045498449285,
      0.15281056906392637,
      0.16827311928337793,
      0.1734351875923009,
      0.1607894192869939,
      0.1792656988517403,
      0.18681237178585816,
      0.17008254477521517,
      0.17414339048880356,
      0.17422549384378058,
      0.1552985506548999,
      0.16552113681164737,
      0.1836274001294217,
      0.15915566112342372,
      0.16710563100360806,
      0.17582769357446004,
      0.157698784806995,
      0.1719082762431953,
      0.18617957301129587,
      0.16868227267559682,
      0.1843824886948687,
      0.20484071053094194,
      0.19847491634581832,
      0.21353797225253118,
      0.22578102810466963,
      0.20791811650296183,
      0.21110484095542761,
      0.22551530097557387,
      0.20976243058119867,
      0.20254938986965473,
      0.21794384999054323,
      0.19792800123833784,
      0.19872006062981667,
      0.22593072222639674,
      0.20234556118618327,
      0.19079304181932394,
      0.20819813269593268,
      0.18964565630656974,
      0.19339924903053649,
      0.22155413931953669,
      0.1983966820942193,
      0.1959524229006568,
      0.21288133502936757,
      0.19923928137978333,
      0.1936731882267561,
      0.1996822247228996,
      0.1776603201813441,
      0.16698248837805393,
      0.18461884643008547,
      0.18470713042045486,
      0.1762282075863809,
      0.19020005648633054,
      0.18515087319131598,
      0.16745510584497564,
      0.1925396960974705,
      0.18965896043141442,
      0.16622197913254413,
      0.18585262054369028,
      0.18342914756151885,
      0.1680881986489404,
      0.19116038023945248,
      0.18383321448325507,
      0.155564494824207
    ]
  },
  "winding_resistance": 0.4950046714134393,
  "inductance": 0.00028469219853882255,
  "pid_dq_kp": 0.08943869194638918,
  "pid_dq_ki": 155.51030392050905,
  "torque_bw_hz": 50.0,
  "encoder_filter_bw_hz": 100,
  "encoder_filter_kp": 1256.6370614359173,
  "encoder_filter_ki": 394784.17604357435,
  "v_per_hz": 0.38,
  "kv": 74.44,
  "unwrapped_position_scale": 1.0
}
