{
  "timestamp": "2022-03-10 02:51:07.581105",
  "device_info": {
    "serial_number": "ADkAHEszUAggMTg0",
    "model": "700",
    "git_hash": "08bdd6d18b736c022bf3d17a011c118a9dfaac28",
    "git_dirty": false,
    "git_timestamp": 1638553571,
    "uuid": "209ebd80-1f54-4e50-a764-d23611dcb308"
  },
  "calibration": {
    "invert": false,
    "phase_invert": false,
    "poles": 14,
    "offset": [
      1.8479459739747819,
      1.8694382421767861,
      1.8542739411196767,
      1.8442843698328746,
      1.8618275951341197,
      1.8513858661405458,
      1.840480555560072,
      1.8601051019477066,
      1.8432895691839326,
      1.8352438836654248,
      1.8599680156965583,
      1.8593301473998378,
      1.8517158918623433,
      1.867195563267803,
      1.8552378585603224,
      1.8406380737419556,
      1.8649473875657767,
      1.862063544212873,
      1.8503886478326597,
      1.868593937999399,
      1.8705615965304168,
      1.8653119215906993,
      1.8909362786790296,
      1.8930411967756497,
      1.87193865209798,
      1.8897539500954414,
      1.8885302786420977,
      1.8770530380914936,
      1.896638247320776,
      1.8984716987848769,
      1.8795734227256233,
      1.8966162845694574,
      1.9000531041447093,
      1.8778153905691521,
      1.8831598472001874,
      1.8775110295076747,
      1.859416998998604,
      1.876292686173498,
      1.8893825675962148,
      1.8733054179218533,
      1.883198651727139,
      1.8926680132505964,
      1.872734330851643,
      1.8811720188725332,
      1.887753774037586,
      1.858882978076424,
      1.8595654789634468,
      1.8733638443372274,
      1.858384637236072,
      1.86421675027958,
      1.873747435830149,
      1.8489463129118526,
      1.8522239695188583,
      1.8701402652321175,
      1.8557251505361743,
      1.857764226262622,
      1.8719965279653241,
      1.8581844873758995,
      1.8653113734962106,
      1.8881802279029576,
      1.87342707313305,
      1.8617341447800635,
      1.8686299912246664,
      1.8494483853375179
    ]
  },
  "winding_resistance": 1.1412864925834263,
  "inductance": 0.0003622549059001251,
  "pid_dq_kp": 0.1138057351102695,
  "pid_dq_ki": 358.5457260741354,
  "torque_bw_hz": 50.0,
  "encoder_filter_bw_hz": 100,
  "encoder_filter_kp": 1256.6370614359173,
  "encoder_filter_ki": 394784.17604357435,
  "v_per_hz": 0.4243053439157376,
  "kv": 70.70379958720876,
  "unwrapped_position_scale": 1.0
}
