{
  "timestamp": "2022-03-10 03:12:28.928719",
  "device_info": {
    "serial_number": "AD4AGEszUAggMTg0",
    "model": "700",
    "git_hash": "08bdd6d18b736c022bf3d17a011c118a9dfaac28",
    "git_dirty": false,
    "git_timestamp": 1638553571,
    "uuid": "62500687-f3c8-429c-a949-8887b0c6eb01"
  },
  "calibration": {
    "invert": false,
    "phase_invert": false,
    "poles": 14,
    "offset": [
      -2.6825672627859736,
      -2.675390674665172,
      -2.6813985119998662,
      -2.7097577147610012,
      -2.70724420172635,
      -2.7052154035667773,
      -2.7214015519318333,
      -2.7061886219939764,
      -2.6829130766985245,
      -2.696248701361719,
      -2.6823291390591795,
      -2.6702023263944334,
      -2.6951046012906454,
      -2.689267639182519,
      -2.676952733116108,
      -2.6988670147029445,
      -2.68759311029361,
      -2.6641542147020725,
      -2.6766902454085018,
      -2.6612574763279055,
      -2.643432546694642,
      -2.6606568735532523,
      -2.6534016526901616,
      -2.6337628929031656,
      -2.6404673153231224,
      -2.630201335139773,
      -2.60778350512127,
      -2.6230117052295094,
      -2.62427650912125,
      -2.6126446680429445,
      -2.6416167064791116,
      -2.6647486472323925,
      -2.6603506902597713,
      -2.690499222803608,
      -2.70156781118628,
      -2.674772454322225,
      -2.688311376041163,
      -2.6966445896538613,
      -2.6763620236633967,
      -2.69296751738235,
      -2.7058620140079332,
      -2.685344532176213,
      -2.7005986144822356,
      -2.7059436926673874,
      -2.6836925481203258,
      -2.6841419092742096,
      -2.6908545754543485,
      -2.6748364193327037,
      -2.6837245520545028,
      -2.702617813676386,
      -2.6838421632136567,
      -2.6832716581878455,
      -2.6907233474588255,
      -2.6636922904197866,
      -2.6508400485877,
      -2.6589349980744403,
      -2.630080557091828,
      -2.6299846862776852,
      -2.6534169142339743,
      -2.6364082554527455,
      -2.645292369246946,
      -2.6655277041407883,
      -2.653033536662457,
      -2.654203741370841
    ]
  },
  "winding_resistance": 0.7122505819441459,
  "inductance": 0.00036874274327906625,
  "pid_dq_kp": 0.11584394933500616,
  "pid_dq_ki": 223.7601195750784,
  "torque_bw_hz": 50.0,
  "encoder_filter_bw_hz": 100,
  "encoder_filter_kp": 1256.6370614359173,
  "encoder_filter_ki": 394784.17604357435,
  "v_per_hz": 0.403,
  "kv": 74.44,
  "unwrapped_position_scale": 1.0
}
