{
  "timestamp": "2022-03-10 03:07:22.127739",
  "device_info": {
    "serial_number": "AC0AVU0zUBAgMTE3",
    "model": "700",
    "git_hash": "08bdd6d18b736c022bf3d17a011c118a9dfaac28",
    "git_dirty": false,
    "git_timestamp": 1638553571,
    "uuid": "e82da036-de8c-4552-88ab-a853fcc187ea"
  },
  "calibration": {
    "invert": false,
    "phase_invert": false,
    "poles": 14,
    "offset": [
      2.134966907121423,
      2.139660722075698,
      2.1070505123347907,
      2.1078475645771917,
      2.1082968305371637,
      2.079411824555986,
      2.076695998579536,
      2.083588532247115,
      2.0550694427614187,
      2.0552077168976006,
      2.067812525233746,
      2.0481482490726197,
      2.0441005738888935,
      2.0542948146873243,
      2.0341717586140176,
      2.0241266265148634,
      2.045152354501183,
      2.0279381115192843,
      2.0232055921979457,
      2.0456813618636005,
      2.0345832525923773,
      2.0336803961903307,
      2.058266448907979,
      2.0475288120639603,
      2.0386229394346693,
      2.0639358383725965,
      2.052874771552813,
      2.048576920601275,
      2.071292025477584,
      2.063119826894062,
      2.055139443635982,
      2.072295010024039,
      2.0657440859562097,
      2.045359331804486,
      2.0627952843089505,
      2.053883061499773,
      2.0379554481982782,
      2.064203047985341,
      2.0655927490264743,
      2.052876659833008,
      2.0780919509747267,
      2.0807543325317606,
      2.064446407259743,
      2.0897580054889646,
      2.0877780669227297,
      2.074336994767141,
      2.1010603447589458,
      2.105724692806048,
      2.100447757044456,
      2.124496055267524,
      2.129219986765885,
      2.119986592991255,
      2.142058586455475,
      2.1507941779633883,
      2.1415497792687925,
      2.162271954198002,
      2.170177912902691,
      2.155684314380668,
      2.175785393816851,
      2.1831351179655867,
      2.1550340290594936,
      2.160096409587565,
      2.1595469289238,
      2.1269377852279163
    ]
  },
  "winding_resistance": 0.6543606102618136,
  "inductance": 0.000299177565715759,
  "pid_dq_kp": 0.0939894042571506,
  "pid_dq_ki": 205.57344859970473,
  "torque_bw_hz": 50.0,
  "encoder_filter_bw_hz": 100,
  "encoder_filter_kp": 1256.6370614359173,
  "encoder_filter_ki": 394784.17604357435,
  "v_per_hz": 0.3100142524027723,
  "kv": 96.7697445116937,
  "unwrapped_position_scale": 1.0
}
