{
  "timestamp": "2022-03-10 02:55:27.586473",
  "device_info": {
    "serial_number": "ADwAH00zUBAgMTE3",
    "model": "700",
    "git_hash": "08bdd6d18b736c022bf3d17a011c118a9dfaac28",
    "git_dirty": false,
    "git_timestamp": 1638553571,
    "uuid": "6056d268-3e34-42a2-96e7-982569e44d00"
  },
  "calibration": {
    "invert": false,
    "phase_invert": false,
    "poles": 14,
    "offset": [
      0.482847269407155,
      0.4704988342931015,
      0.45950043980886457,
      0.4822470665273954,
      0.46374090076955554,
      0.46154930874493033,
      0.49168616757563705,
      0.47960747463798203,
      0.47092263478869983,
      0.49040321839598894,
      0.4800363919272632,
      0.4804030672792671,
      0.5078701310088582,
      0.5011044736930688,
      0.4962424245118108,
      0.5153747053354187,
      0.5132752225541313,
      0.5069755768137667,
      0.524202415306828,
      0.5181248412344377,
      0.5019640403233909,
      0.5253970264051782,
      0.5281712353251343,
      0.5128732661872218,
      0.5339310167131017,
      0.5260799805437619,
      0.506767815903564,
      0.5321636457225251,
      0.52754066681591,
      0.5049454716565952,
      0.518800791883852,
      0.513330753858684,
      0.4941245392496811,
      0.5103420704710275,
      0.5054508815315065,
      0.4782038077583077,
      0.4790548415359897,
      0.47615086144314855,
      0.4563386571619588,
      0.45932022062080796,
      0.46769603557748785,
      0.4445942144984426,
      0.45428061368902595,
      0.4722984534905457,
      0.45474361846698363,
      0.460684234181301,
      0.4729231057416577,
      0.44823786188323794,
      0.45769767781328136,
      0.47975962065630817,
      0.4558388425500905,
      0.4621264198823698,
      0.4733486116907036,
      0.4523987225406864,
      0.4589470948938142,
      0.4722709238939972,
      0.4559236731904875,
      0.4535183390121872,
      0.4722049879012487,
      0.46349632922925715,
      0.4662280042229441,
      0.4842023947809166,
      0.46954695865419244,
      0.46216416439078645
    ]
  },
  "winding_resistance": 1.472712997466459,
  "inductance": 0.00023338710408036406,
  "pid_dq_kp": 0.07332072116214682,
  "pid_dq_ki": 462.66643336868316,
  "torque_bw_hz": 50.0,
  "encoder_filter_bw_hz": 100,
  "encoder_filter_kp": 1256.6370614359173,
  "encoder_filter_ki": 394784.17604357435,
  "v_per_hz": 0.4157719140319222,
  "kv": 72.1549459872767,
  "unwrapped_position_scale": 1.0
}
