{
  "timestamp": "2022-03-10 02:31:38.475156",
  "device_info": {
    "serial_number": "AFgAPUszUAggMTg0",
    "model": "700",
    "git_hash": "08bdd6d18b736c022bf3d17a011c118a9dfaac28",
    "git_dirty": false,
    "git_timestamp": 1638553571,
    "uuid": "e28c044a-80f5-4816-a37c-52792857852d"
  },
  "calibration": {
    "invert": false,
    "phase_invert": false,
    "poles": 14,
    "offset": [
      -1.0400805540485296,
      -1.0499723619409667,
      -1.0346698262528793,
      -1.0463848810265508,
      -1.0677247135246277,
      -1.0433256699704745,
      -1.042365487003915,
      -1.0554176106347384,
      -1.0323472105142388,
      -1.0408334409747784,
      -1.0481083767353585,
      -1.0137740342282702,
      -1.0087749802932162,
      -1.019956939328289,
      -0.9998516940909923,
      -1.0023790208530656,
      -1.0077175410843011,
      -0.9822396823885461,
      -0.9838208944828372,
      -1.0051579376801827,
      -0.9962588392147059,
      -0.9947830467557918,
      -1.0070351693259456,
      -0.9955229029802191,
      -0.9918018022229013,
      -1.02056587554773,
      -1.0061920118473011,
      -0.9983535312247201,
      -1.021495317057413,
      -1.014019431784656,
      -1.0163422974627019,
      -1.0483793930527634,
      -1.0322244558909153,
      -1.017942171474568,
      -1.0465653590985702,
      -1.0427797462940809,
      -1.0412660773592028,
      -1.061873497951836,
      -1.0476749920396071,
      -1.0296138522985605,
      -1.0444045576150949,
      -1.0411005295320674,
      -1.0234196698896156,
      -1.031203877990043,
      -1.0202324719997382,
      -1.0014759952407033,
      -1.0213539948068526,
      -1.0186143007560513,
      -0.9981250926023324,
      -1.0105042734082936,
      -1.0145322997595656,
      -0.9994845043018719,
      -1.026423891133431,
      -1.024734366237708,
      -0.9986559690440563,
      -1.0164234955571394,
      -1.023728807605323,
      -1.0137627131956073,
      -1.0299291260636692,
      -1.030429114218333,
      -1.006608596864385,
      -1.0217592676981644,
      -1.0402469588663443,
      -1.0283975274864654
    ]
  },
  "winding_resistance": 0.76101018400825,
  "inductance": 0.0003043573342159019,
  "pid_dq_kp": 0.09561667652388509,
  "pid_dq_ki": 239.0784003387335,
  "torque_bw_hz": 50.0,
  "encoder_filter_bw_hz": 100,
  "encoder_filter_kp": 1256.6370614359173,
  "encoder_filter_ki": 394784.17604357435,
  "v_per_hz": 0.39006787677753685,
  "kv": 76.90969132818279,
  "unwrapped_position_scale": 1.0
}
