{
  "timestamp": "2022-03-10 02:29:17.972755",
  "device_info": {
    "serial_number": "ADgAGU0zUBAgMTE3",
    "model": "700",
    "git_hash": "08bdd6d18b736c022bf3d17a011c118a9dfaac28",
    "git_dirty": false,
    "git_timestamp": 1638553571,
    "uuid": "56ee647c-bee4-40a8-a1f4-b2f8a26c3c43"
  },
  "calibration": {
    "invert": false,
    "phase_invert": false,
    "poles": 14,
    "offset": [
      -2.344389166293518,
      -2.325811435525252,
      -2.356282653732212,
      -2.380307549788026,
      -2.3751805347555583,
      -2.3919289675498203,
      -2.40318315248869,
      -2.3937728165308068,
      -2.410056192367121,
      -2.43336124439467,
      -2.4128798836712693,
      -2.416851249826215,
      -2.4362534238532874,
      -2.4258838808030565,
      -2.4324674343768478,
      -2.4459724564515946,
      -2.4174037953874072,
      -2.4022539310792816,
      -2.42028219708693,
      -2.395333169481721,
      -2.390353906531485,
      -2.392750922114677,
      -2.3584615697295495,
      -2.3515492668282696,
      -2.364827073935343,
      -2.3407944331239694,
      -2.3238082595149168,
      -2.3314362934142467,
      -2.312696481192902,
      -2.3205481998499886,
      -2.351515684550263,
      -2.3375412538261595,
      -2.3338365987933662,
      -2.3596575692094746,
      -2.363400226720643,
      -2.3669563142211634,
      -2.3998939285305867,
      -2.382749336268408,
      -2.370539429837385,
      -2.4021884657120554,
      -2.4118941824028903,
      -2.413626977229413,
      -2.433218747221923,
      -2.4195891568788572,
      -2.3979161546960817,
      -2.4249053378965972,
      -2.428188299379217,
      -2.4174502426798212,
      -2.4250249102858064,
      -2.419499152938573,
      -2.4023370303220477,
      -2.415468267945174,
      -2.4058981764006537,
      -2.3656505673637893,
      -2.3540180538259707,
      -2.344424132839682,
      -2.318843409492993,
      -2.3363951737823534,
      -2.329118646634383,
      -2.2991360291645044,
      -2.3165994266435765,
      -2.3266536559190505,
      -2.315277642959508,
      -2.340309691794421
    ]
  },
  "winding_resistance": 0.4898358938695242,
  "inductance": 0.00035854668188504073,
  "pid_dq_kp": 0.11264076217790406,
  "pid_dq_ki": 153.8864845645087,
  "torque_bw_hz": 50.0,
  "encoder_filter_bw_hz": 100,
  "encoder_filter_kp": 1256.6370614359173,
  "encoder_filter_ki": 394784.17604357435,
  "v_per_hz": 0.36568178115475636,
  "kv": 82.03854155726728,
  "unwrapped_position_scale": 1.0
}
