{
  "timestamp": "2022-03-10 02:59:06.604665",
  "device_info": {
    "serial_number": "AD0APEszUAggMTg0",
    "model": "700",
    "git_hash": "08bdd6d18b736c022bf3d17a011c118a9dfaac28",
    "git_dirty": false,
    "git_timestamp": 1638553571,
    "uuid": "8abfda06-1cff-48f1-b47f-18d1b62e8229"
  },
  "calibration": {
    "invert": false,
    "phase_invert": false,
    "poles": 14,
    "offset": [
      2.8958034262557866,
      2.8752789289127674,
      2.8842524356154153,
      2.8899356363219875,
      2.864704410894771,
      2.8798371674903858,
      2.891206878420607,
      2.8678312845624125,
      2.871902280851312,
      2.878627682408465,
      2.8578965075061533,
      2.8719870573059043,
      2.8904783954229494,
      2.8721019821081706,
      2.877451055008825,
      2.8900147159017524,
      2.8748406937747006,
      2.882352707519189,
      2.900543320736307,
      2.881418187803902,
      2.885745629747121,
      2.9099198443780736,
      2.900242349388954,
      2.9011175780812004,
      2.9172724591651717,
      2.8917559912166717,
      2.8864068267265224,
      2.908928848218106,
      2.890042342739639,
      2.8859164601090637,
      2.899087721412894,
      2.8808031057235217,
      2.876725413752238,
      2.8978804594400773,
      2.878852761643707,
      2.863887435205363,
      2.87771449794344,
      2.861436364911421,
      2.8559678453870063,
      2.8740426310015343,
      2.8665913999079553,
      2.8503579939937755,
      2.8715003876734584,
      2.8667898824012044,
      2.8535025337476836,
      2.8733036508139724,
      2.865748590902681,
      2.8541057599964637,
      2.879396982238234,
      2.88560581557716,
      2.8708476271294816,
      2.893077191091555,
      2.8905764486635976,
      2.877584372135486,
      2.9020736183192235,
      2.9020661371178265,
      2.887384498913475,
      2.9048635538407592,
      2.9088070548964566,
      2.893888641789345,
      2.91326241143669,
      2.912013895665884,
      2.884822076989453,
      2.8946458575767533
    ]
  },
  "winding_resistance": 1.2568048928922473,
  "inductance": 0.00030243853433853374,
  "pid_dq_kp": 0.09501386776404021,
  "pid_dq_ki": 394.8369018505991,
  "torque_bw_hz": 50.0,
  "encoder_filter_bw_hz": 100,
  "encoder_filter_kp": 1256.6370614359173,
  "encoder_filter_ki": 394784.17604357435,
  "v_per_hz": 0.403,
  "kv": 74.44,
  "unwrapped_position_scale": 1.0
}
