{
  "timestamp": "2022-05-16 17:19:45.780476",
  "device_info": {
    "serial_number": "AFoAO0szUAggMTg0",
    "model": "700",
    "git_hash": "08bdd6d18b736c022bf3d17a011c118a9dfaac28",
    "git_dirty": false,
    "git_timestamp": 1638553571,
    "uuid": "037ea588-21c0-4c31-800b-39161dc6eda4"
  },
  "calibration": {
    "invert": false,
    "phase_invert": false,
    "poles": 14,
    "offset": [
      -1.1578766856036946,
      -1.2031369141942707,
      -1.1567724490331397,
      -1.1327485761738592,
      -1.1554261815331683,
      -1.1473005813134978,
      -1.190274392497656,
      -1.2173520802682019,
      -1.179608198851061,
      -1.1434651823027766,
      -1.1783263110981053,
      -1.1716881438020454,
      -1.1700663115857661,
      -1.1806688651217807,
      -1.14035634301775,
      -1.1093173583000087,
      -1.1508920830175318,
      -1.1525512046233315,
      -1.124491185721981,
      -1.1484483430260934,
      -1.1017434741774474,
      -1.0823764509643887,
      -1.1298069222528402,
      -1.1008958985066377,
      -1.0847173597104254,
      -1.1165195335824596,
      -1.1248176570112207,
      -1.1276427723095244,
      -1.165786119354693,
      -1.1194269258961622,
      -1.0761801102541106,
      -1.098056304532193,
      -1.1192930143732516,
      -1.1368513050429174,
      -1.1703470830216989,
      -1.1767602308903804,
      -1.1422144388838107,
      -1.1798659915497574,
      -1.1956291461043067,
      -1.1502382185461744,
      -1.1576794671738024,
      -1.1417056653888404,
      -1.1085915838880316,
      -1.1472331043968012,
      -1.1531246405258564,
      -1.1046835552125733,
      -1.1185614933834305,
      -1.1133232752266062,
      -1.079533716960138,
      -1.114680749867156,
      -1.0829857405120475,
      -1.044371960036362,
      -1.059855841774877,
      -1.096051619005676,
      -1.0916432092350343,
      -1.1179981669723627,
      -1.10954278773022,
      -1.0632482915307573,
      -1.07716570808178,
      -1.1177763155944194,
      -1.0942186170330932,
      -1.1053622830779049,
      -1.1336480141992724,
      -1.124666918046331
    ]
  },
  "winding_resistance": 0.9663480346959782,
  "inductance": 0.00041380817676526474,
  "pid_dq_kp": 0.2,
  "pid_dq_ki": 467.05120341019517,
  "torque_bw_hz": 76.92208710616029,
  "encoder_filter_bw_hz": 153.84417421232058,
  "encoder_filter_kp": 1933.2629100120585,
  "encoder_filter_ki": 934376.3698070731,
  "v_per_hz": 0.38072089693820566,
  "kv": 78.79788118084116,
  "unwrapped_position_scale": 0.133333
}
