{
  "timestamp": "2022-05-27 00:39:41.257074",
  "device_info": {
    "serial_number": "AEQANEszUAggMTg0",
    "model": "700",
    "git_hash": "08bdd6d18b736c022bf3d17a011c118a9dfaac28",
    "git_dirty": false,
    "git_timestamp": 1638553571,
    "uuid": "5776039c-9d26-48d4-9af5-bb80524acde1"
  },
  "calibration": {
    "invert": false,
    "phase_invert": false,
    "poles": 14,
    "offset": [
      -2.712930101063137,
      -2.6943241203822126,
      -2.7043298005302057,
      -2.7426606495618877,
      -2.7376557920036344,
      -2.7437566166368397,
      -2.768682482632217,
      -2.75810671077683,
      -2.715598609773102,
      -2.7238626517630347,
      -2.704474946447581,
      -2.6675214838665524,
      -2.7098572104560184,
      -2.7065251052482,
      -2.685144806102264,
      -2.7190647004026998,
      -2.7124267444295906,
      -2.671879737132103,
      -2.7039611928410836,
      -2.6758360058571067,
      -2.646984088765057,
      -2.69003488830489,
      -2.6904322148013775,
      -2.673058845158559,
      -2.704519938656135,
      -2.695404988334059,
      -2.656845175723411,
      -2.681186152020312,
      -2.682888638009299,
      -2.6572345241686444,
      -2.6944954028477066,
      -2.738360239409125,
      -2.727825323153049,
      -2.7629303375590117,
      -2.774234706707787,
      -2.728155617648831,
      -2.7349055235681905,
      -2.7470027601468097,
      -2.7074572758265303,
      -2.730998909817596,
      -2.7558542099093883,
      -2.7319031772884856,
      -2.7543396560281677,
      -2.7661849465145942,
      -2.720829068130549,
      -2.6944333505412863,
      -2.7145391619574406,
      -2.688337472360608,
      -2.7073594387766793,
      -2.7482509582588084,
      -2.719241818173075,
      -2.704871464865781,
      -2.7442714759126625,
      -2.7017981325206186,
      -2.6850345033848564,
      -2.698736886886943,
      -2.643108918617389,
      -2.640264221764591,
      -2.684517393552457,
      -2.656785756136476,
      -2.6907516074367397,
      -2.718137832314572,
      -2.672951036076008,
      -2.6833014800597073
    ]
  },
  "winding_resistance": 0.5815896026125609,
  "inductance": 0.00030344154869372,
  "pid_dq_kp": 0.19065794803402006,
  "pid_dq_ki": 365.4235245943657,
  "torque_bw_hz": 100.0,
  "encoder_filter_bw_hz": 200.0,
  "encoder_filter_kp": 2513.2741228718346,
  "encoder_filter_ki": 1579136.7041742974,
  "v_per_hz": 0.39047135806537947,
  "kv": 76.83021911936721,
  "unwrapped_position_scale": 0.133333
}
