{
  "timestamp": "2022-05-27 00:42:48.883940",
  "device_info": {
    "serial_number": "ADcAGk0zUBAgMTE3",
    "model": "700",
    "git_hash": "08bdd6d18b736c022bf3d17a011c118a9dfaac28",
    "git_dirty": false,
    "git_timestamp": 1638553571,
    "uuid": "98d66dbb-b781-4537-9bb1-65a34198e0e5"
  },
  "calibration": {
    "invert": false,
    "phase_invert": false,
    "poles": 14,
    "offset": [
      1.8403647526719356,
      1.88314045485975,
      1.856430727180351,
      1.8354333846533615,
      1.8676560531954054,
      1.8506269258782522,
      1.822636566881374,
      1.84160055990165,
      1.7995745583065597,
      1.7792289560686392,
      1.8257635346922454,
      1.8462961918020462,
      1.8311375274374873,
      1.8550364415750753,
      1.8336310167474792,
      1.8163340039906768,
      1.8672167122428034,
      1.866619172218807,
      1.8356424608910986,
      1.855169424837415,
      1.8467229813013408,
      1.8404808328046751,
      1.8830358244065262,
      1.8854718482107273,
      1.8384163111337148,
      1.8607675569718347,
      1.8552196312226341,
      1.833057224625786,
      1.857819987162917,
      1.8557185260415552,
      1.8177798227954067,
      1.8498258833591201,
      1.8704759793459709,
      1.836798849722172,
      1.846439948270423,
      1.8317101690870203,
      1.7995657236273386,
      1.8332628881525337,
      1.86733673523522,
      1.840207043175458,
      1.8507550678679106,
      1.8615657877720426,
      1.8306731285738338,
      1.8559165301056322,
      1.8802609573371118,
      1.8394752051664565,
      1.846720566629521,
      1.8768764105737998,
      1.8550752539461337,
      1.8691499981544895,
      1.8863824870058943,
      1.8400854495950598,
      1.8463360116538012,
      1.8815162778841354,
      1.8553373755742164,
      1.8514686156967999,
      1.873528837655848,
      1.8381821619618948,
      1.8575664195840846,
      1.8956150036725685,
      1.8735185829841545,
      1.8433933731494592,
      1.8606905746433486,
      1.8292478931983371
    ]
  },
  "winding_resistance": 1.5833511575149282,
  "inductance": 0.0003025243722822114,
  "pid_dq_kp": 0.09553293684927852,
  "pid_dq_ki": 499.99999999999994,
  "torque_bw_hz": 50.258889929915874,
  "encoder_filter_bw_hz": 100.51777985983175,
  "encoder_filter_kp": 1263.143675051214,
  "encoder_filter_ki": 398882.98595547164,
  "v_per_hz": 0.40374707263437987,
  "kv": 74.30394430913192,
  "unwrapped_position_scale": 0.133333
}
