{
  "timestamp": "2022-05-27 23:37:03.624421",
  "device_info": {
    "serial_number": "AEMAREszUAggMTg0",
    "model": "700",
    "git_hash": "08bdd6d18b736c022bf3d17a011c118a9dfaac28",
    "git_dirty": false,
    "git_timestamp": 1638553571,
    "uuid": "8e9f2d41-a0e0-4082-bb02-e20208ecd0d1"
  },
  "calibration": {
    "invert": false,
    "phase_invert": false,
    "poles": 14,
    "offset": [
      3.2925279302995043,
      3.2979818566026586,
      3.333451247365765,
      3.3384355139929545,
      3.2909699341305734,
      3.2949633026306038,
      3.2661329672099977,
      3.253645979173499,
      3.3043408735392235,
      3.2946815383763286,
      3.252035305802374,
      3.2841079338562795,
      3.270022632480037,
      3.2801634005366633,
      3.332331077557273,
      3.2984612084931464,
      3.285114892124739,
      3.3250903187458545,
      3.3198362877834273,
      3.3329914850020503,
      3.356337728601104,
      3.336495911390803,
      3.3360103460866504,
      3.378906209765523,
      3.403755926098564,
      3.3685315729684606,
      3.3766367493044718,
      3.3593741306511298,
      3.341061675796126,
      3.3867961995879936,
      3.4065283926360643,
      3.3484349277199086,
      3.366609106188945,
      3.350588044332412,
      3.3288164802099116,
      3.3730387882709683,
      3.3535037435337816,
      3.3075897579195725,
      3.337312726159443,
      3.336381616567795,
      3.314548766381246,
      3.323548348521688,
      3.2979748834015203,
      3.2665091877697723,
      3.2853344306971715,
      3.321821686893761,
      3.301823245026328,
      3.2837760885881315,
      3.2917487448932703,
      3.2623156369990722,
      3.292086382328434,
      3.3441763122829373,
      3.310731215539689,
      3.312596401593272,
      3.3424461413840705,
      3.3234508833817493,
      3.363288525471003,
      3.3838745383344633,
      3.3336277746167537,
      3.348099743608502,
      3.3608731219946466,
      3.3418602910150748,
      3.339634384972585,
      3.3339498071883527
    ]
  },
  "winding_resistance": 0.6530702687825507,
  "inductance": 0.0003224179651378191,
  "pid_dq_kp": 0.2,
  "pid_dq_ki": 405.1078658122495,
  "torque_bw_hz": 98.72585296161385,
  "encoder_filter_bw_hz": 197.4517059232277,
  "encoder_filter_kp": 2481.2513150687378,
  "encoder_filter_ki": 1539152.022132585,
  "v_per_hz": 0.36541188752444437,
  "kv": 82.09913531615234,
  "unwrapped_position_scale": 0.133333
}
