{
  "timestamp": "2022-05-26 22:47:15.972292",
  "device_info": {
    "serial_number": "AC0AVU0zUBAgMTE3",
    "model": "700",
    "git_hash": "08bdd6d18b736c022bf3d17a011c118a9dfaac28",
    "git_dirty": false,
    "git_timestamp": 1638553571,
    "uuid": "e82da036-de8c-4552-88ab-a853fcc187ea"
  },
  "calibration": {
    "invert": false,
    "phase_invert": false,
    "poles": 14,
    "offset": [
      -0.9413451924191718,
      -0.9121301586347081,
      -0.9181386099874338,
      -0.9742223390707858,
      -1.0152540079225902,
      -1.0524532743631685,
      -1.0494216530216767,
      -1.0354433528397933,
      -0.9888534164324544,
      -0.9886711103335262,
      -0.9932631316576083,
      -0.9855112315129756,
      -1.0134218541062243,
      -1.0603432479895052,
      -1.0724222598086541,
      -1.067358890108767,
      -1.0770815897989834,
      -1.0326995731385362,
      -1.0205679114674306,
      -1.0493344537570322,
      -1.0649819391674915,
      -1.0830150178963505,
      -1.075885966637841,
      -1.082081300367155,
      -1.0711483981503516,
      -1.0680127733027194,
      -1.0613890707579101,
      -1.0590645880869964,
      -1.0802280955494439,
      -1.0745317855660346,
      -1.0697201934952445,
      -1.099517873859556,
      -1.0972210838677054,
      -1.0717588939773555,
      -1.1140823188732856,
      -1.108813545706747,
      -1.0875202028604876,
      -1.096850294860124,
      -1.0629062007208985,
      -1.0334184433348785,
      -1.0645807428813572,
      -1.0754612154776162,
      -1.0573294918433032,
      -1.0668918403859955,
      -1.0765038268466276,
      -1.1008177659161915,
      -1.095889625327751,
      -1.0878077816685583,
      -1.0822065054341747,
      -1.046393374798185,
      -1.0534117587137342,
      -1.091989661073917,
      -1.0867853226229385,
      -1.0840187028778903,
      -1.036904231851099,
      -1.0049122324471205,
      -0.9854928154505532,
      -0.9771973564795147,
      -0.9966170624150191,
      -1.0063016085183483,
      -1.0329858311999034,
      -1.0574396727056974,
      -1.0451180494660806,
      -0.993553264502752
    ]
  },
  "winding_resistance": 1.3749152720814626,
  "inductance": 0.0004127735433185902,
  "pid_dq_kp": 0.15010872004268994,
  "pid_dq_ki": 500.0,
  "torque_bw_hz": 57.87809122628814,
  "encoder_filter_bw_hz": 115.75618245257628,
  "encoder_filter_kp": 1454.6350896024535,
  "encoder_filter_ki": 528990.8109756844,
  "v_per_hz": 0.3911102120268249,
  "kv": 76.7047217829802,
  "unwrapped_position_scale": 0.133333
}
