{
  "timestamp": "2022-05-26 22:48:19.314136",
  "device_info": {
    "serial_number": "AFoAO0szUAggMTg0",
    "model": "700",
    "git_hash": "08bdd6d18b736c022bf3d17a011c118a9dfaac28",
    "git_dirty": false,
    "git_timestamp": 1638553571,
    "uuid": "037ea588-21c0-4c31-800b-39161dc6eda4"
  },
  "calibration": {
    "invert": false,
    "phase_invert": false,
    "poles": 14,
    "offset": [
      -0.9793886232645068,
      -0.991138465203751,
      -0.985714691584347,
      -0.9950389034564259,
      -0.9967134460456963,
      -1.0028524546104114,
      -1.023145376587131,
      -1.0411065106697397,
      -1.007117783763877,
      -0.9976313171409806,
      -0.9883801442429941,
      -0.9813213865851225,
      -0.9813516508292239,
      -0.9781640290199318,
      -0.951050249441431,
      -0.9385715287181801,
      -0.9693499889987532,
      -0.9420654369168336,
      -0.933964927742226,
      -0.9276894418736685,
      -0.8777722458560403,
      -0.8785892677469924,
      -0.9068411768786577,
      -0.9043715121272474,
      -0.9098545654025387,
      -0.9337855404154163,
      -0.9219704168880558,
      -0.9408120781332385,
      -0.9577955592032662,
      -0.907364996041542,
      -0.9047964488989692,
      -0.9208717868526441,
      -0.951066614600243,
      -0.9810017939050022,
      -1.0055098424554656,
      -0.9899643809733222,
      -0.9682690104894328,
      -1.0031003468064221,
      -1.0032216329775845,
      -0.9913344826900055,
      -0.9897417920988694,
      -0.971520561420877,
      -0.9419639195809716,
      -0.9827643392330848,
      -0.978025185316785,
      -0.9455623444689097,
      -0.9423948433165934,
      -0.9158038083197695,
      -0.9088166641901142,
      -0.9314390398552925,
      -0.8995687120437934,
      -0.8591168948114396,
      -0.8616843211855608,
      -0.876728441472468,
      -0.876914235700656,
      -0.9093719422711337,
      -0.9077944319052035,
      -0.8915002729530513,
      -0.9260995081558816,
      -0.9653906640545943,
      -0.9839389838654311,
      -0.9885207821684225,
      -0.9928518344537638,
      -0.9511896324274074
    ]
  },
  "winding_resistance": 0.7995757062080313,
  "inductance": 0.0005262024349704913,
  "pid_dq_kp": 0.2,
  "pid_dq_ki": 303.90422129189517,
  "torque_bw_hz": 60.49190673198635,
  "encoder_filter_bw_hz": 120.9838134639727,
  "encoder_filter_kp": 1520.327438326778,
  "encoder_filter_ki": 577848.8799323158,
  "v_per_hz": 0.38069419311277486,
  "kv": 78.80340846468587,
  "unwrapped_position_scale": 0.133333
}
